<?xml version="1.0" encoding="UTF-8"?>
<!-- Generated by org.testng.reporters.JUnitReportReporter -->
<testsuite skipped="0" hostname="DESKTOP-S91T9KJ" name="com.orangeHRM.qa.tests.RegisterPageTest" tests="11" failures="0" timestamp="20 Jul 2018 07:28:33 GMT" time="423.325" errors="0">
  <testcase name="VerifymultiRegistration" time="40.146" classname="com.orangeHRM.qa.tests.RegisterPageTest"/>
  <testcase name="VerifymultiRegistration" time="37.573" classname="com.orangeHRM.qa.tests.RegisterPageTest"/>
  <testcase name="VerifymultiRegistration" time="37.882" classname="com.orangeHRM.qa.tests.RegisterPageTest"/>
  <testcase name="VerifymultiRegistration" time="37.692" classname="com.orangeHRM.qa.tests.RegisterPageTest"/>
  <testcase name="VerifymultiRegistration" time="42.389" classname="com.orangeHRM.qa.tests.RegisterPageTest"/>
  <testcase name="VerifymultiRegistration" time="37.639" classname="com.orangeHRM.qa.tests.RegisterPageTest"/>
  <testcase name="VerifymultiRegistration" time="37.751" classname="com.orangeHRM.qa.tests.RegisterPageTest"/>
  <testcase name="VerifymultiRegistration" time="37.550" classname="com.orangeHRM.qa.tests.RegisterPageTest"/>
  <testcase name="VerifyUserRegister" time="38.904" classname="com.orangeHRM.qa.tests.RegisterPageTest"/>
  <testcase name="VerifymultiRegistration" time="38.254" classname="com.orangeHRM.qa.tests.RegisterPageTest"/>
  <testcase name="VerifymultiRegistration" time="37.545" classname="com.orangeHRM.qa.tests.RegisterPageTest"/>
</testsuite> <!-- com.orangeHRM.qa.tests.RegisterPageTest -->
