<?xml version="1.0" encoding="UTF-8"?>
<!-- Generated by org.testng.reporters.JUnitReportReporter -->
<testsuite skipped="0" hostname="DESKTOP-S91T9KJ" name="com.orangeHRM.qa.tests.LoginPageTest" tests="1" failures="0" timestamp="20 Jul 2018 05:55:37 GMT" time="8.340" errors="0">
  <testcase name="verifyElements" time="8.340" classname="com.orangeHRM.qa.tests.LoginPageTest"/>
</testsuite> <!-- com.orangeHRM.qa.tests.LoginPageTest -->
